<?xml version="1.0" encoding="UTF-8"?>
<!-- Generated by org.testng.reporters.JUnitXMLReporter -->
<testsuite ignored="0" hostname="Apaekshits_PC" failures="0" tests="4" name="Default test" time="11.965" errors="0" timestamp="2024-10-27T14:01:23 IST">
  <testcase classname="Tests.Test_TotalArticles" name="Test_TotalArticlesByLanguages" time="0.203"/>
  <testcase classname="Tests.Test_TotalArticles" name="Test_TotalArticlesByLanguages" time="0.306"/>
  <testcase classname="Tests.Test_TotalArticles" name="Test_TotalArticlesByLanguages" time="0.279"/>
  <testcase classname="Tests.Test_TotalArticles" name="Test_TotalArticlesByLanguages" time="0.134"/>
</testsuite> <!-- Default test -->
