<?xml version="1.0" encoding="UTF-8"?>
<!-- Generated by org.testng.reporters.JUnitXMLReporter -->
<testsuite ignored="0" hostname="Apaekshits_PC" failures="0" tests="4" name="Test" time="12.018" errors="0" timestamp="2024-10-27T14:03:08 IST">
  <testcase classname="Tests.Test_TotalArticles" name="Test_TotalArticlesByLanguages" time="0.056"/>
  <testcase classname="Tests.Test_TotalArticles" name="Test_TotalArticlesByLanguages" time="0.208"/>
  <testcase classname="Tests.Test_TotalArticles" name="Test_TotalArticlesByLanguages" time="0.223"/>
  <testcase classname="Tests.Test_TotalArticles" name="Test_TotalArticlesByLanguages" time="0.215"/>
</testsuite> <!-- Test -->
