<?xml version="1.0" encoding="UTF-8"?>
<!-- Generated by org.testng.reporters.JUnitXMLReporter -->
<testsuite ignored="0" hostname="Apaekshits_PC" failures="0" tests="4" name="Test" time="18.039" errors="0" timestamp="2024-10-27T14:19:25 IST">
  <testcase classname="Tests.Test_TotalArticles" name="Test_TotalArticlesByLanguages" time="0.199"/>
  <testcase classname="Tests.Test_TotalArticles" name="Test_TotalArticlesByLanguages" time="0.257"/>
  <testcase classname="Tests.Test_TotalArticles" name="Test_TotalArticlesByLanguages" time="0.211"/>
  <testcase classname="Tests.Test_TotalArticles" name="Test_TotalArticlesByLanguages" time="0.123"/>
</testsuite> <!-- Test -->
